Started GET "/" for 127.0.0.1 at 2023-01-26 11:19:53 +0000
Processing by Rails::WelcomeController#index as HTML
  Rendering /home/dev/.rvm/gems/ruby-3.0.0/gems/railties-7.0.4.2/lib/rails/templates/rails/welcome/index.html.erb
  Rendered /home/dev/.rvm/gems/ruby-3.0.0/gems/railties-7.0.4.2/lib/rails/templates/rails/welcome/index.html.erb (Duration: 1.7ms | Allocations: 831)
Completed 200 OK in 15ms (Views: 5.9ms | ActiveRecord: 0.0ms | Allocations: 7224)


  [1m[35m (11.9ms)[0m  [1m[35mCREATE TABLE "schema_migrations" ("version" varchar NOT NULL PRIMARY KEY)[0m
  [1m[35m (4.9ms)[0m  [1m[35mCREATE TABLE "ar_internal_metadata" ("key" varchar NOT NULL PRIMARY KEY, "value" varchar, "created_at" datetime(6) NOT NULL, "updated_at" datetime(6) NOT NULL)[0m
  [1m[36mActiveRecord::SchemaMigration Pluck (0.1ms)[0m  [1m[34mSELECT "schema_migrations"."version" FROM "schema_migrations" ORDER BY "schema_migrations"."version" ASC[0m
Migrating to CreateSuppliers (20230126112122)
  [1m[36mTRANSACTION (0.1ms)[0m  [1m[36mbegin transaction[0m
  [1m[35m (0.4ms)[0m  [1m[35mCREATE TABLE "suppliers" ("id" integer PRIMARY KEY AUTOINCREMENT NOT NULL, "name" varchar, "created_at" datetime(6) NOT NULL, "updated_at" datetime(6) NOT NULL)[0m
  [1m[36mActiveRecord::SchemaMigration Create (0.2ms)[0m  [1m[32mINSERT INTO "schema_migrations" ("version") VALUES (?)[0m  [["version", "20230126112122"]]
  [1m[36mTRANSACTION (5.8ms)[0m  [1m[36mcommit transaction[0m
Migrating to CreateAccounts (20230126112750)
  [1m[36mTRANSACTION (0.2ms)[0m  [1m[36mbegin transaction[0m
  [1m[35m (0.3ms)[0m  [1m[35mCREATE TABLE "accounts" ("id" integer PRIMARY KEY AUTOINCREMENT NOT NULL, "supplier_id" integer NOT NULL, "account_number" varchar, "created_at" datetime(6) NOT NULL, "updated_at" datetime(6) NOT NULL, CONSTRAINT "fk_rails_530e87101a"
FOREIGN KEY ("supplier_id")
  REFERENCES "suppliers" ("id")
)[0m
  [1m[35m (0.1ms)[0m  [1m[35mCREATE INDEX "index_accounts_on_supplier_id" ON "accounts" ("supplier_id")[0m
  [1m[36mActiveRecord::SchemaMigration Create (0.1ms)[0m  [1m[32mINSERT INTO "schema_migrations" ("version") VALUES (?)[0m  [["version", "20230126112750"]]
  [1m[36mTRANSACTION (4.8ms)[0m  [1m[36mcommit transaction[0m
  [1m[36mActiveRecord::InternalMetadata Load (0.1ms)[0m  [1m[34mSELECT "ar_internal_metadata".* FROM "ar_internal_metadata" WHERE "ar_internal_metadata"."key" = ? LIMIT ?[0m  [["key", "environment"], ["LIMIT", 1]]
  [1m[36mTRANSACTION (0.1ms)[0m  [1m[36mbegin transaction[0m
  [1m[36mActiveRecord::InternalMetadata Create (0.2ms)[0m  [1m[32mINSERT INTO "ar_internal_metadata" ("key", "value", "created_at", "updated_at") VALUES (?, ?, ?, ?)[0m  [["key", "environment"], ["value", "development"], ["created_at", "2023-01-26 11:30:23.099320"], ["updated_at", "2023-01-26 11:30:23.099320"]]
  [1m[36mTRANSACTION (4.0ms)[0m  [1m[36mcommit transaction[0m
  [1m[36mActiveRecord::SchemaMigration Pluck (0.1ms)[0m  [1m[34mSELECT "schema_migrations"."version" FROM "schema_migrations" ORDER BY "schema_migrations"."version" ASC[0m
  [1m[36mTRANSACTION (0.1ms)[0m  [1m[36mbegin transaction[0m
  [1m[36mSupplier Create (0.3ms)[0m  [1m[32mINSERT INTO "suppliers" ("name", "created_at", "updated_at") VALUES (?, ?, ?)[0m  [["name", "Rehmatullah"], ["created_at", "2023-01-26 11:48:53.239229"], ["updated_at", "2023-01-26 11:48:53.239229"]]
  [1m[36mTRANSACTION (10.7ms)[0m  [1m[36mcommit transaction[0m
  [1m[36mSupplier Load (0.5ms)[0m  [1m[34mSELECT "suppliers".* FROM "suppliers"[0m
  [1m[36mAccount Load (0.3ms)[0m  [1m[34mSELECT "accounts".* FROM "accounts" WHERE "accounts"."supplier_id" = ? LIMIT ?[0m  [["supplier_id", 1], ["LIMIT", 1]]
  [1m[36mTRANSACTION (0.2ms)[0m  [1m[36mbegin transaction[0m
  [1m[36mAccount Create (0.8ms)[0m  [1m[32mINSERT INTO "accounts" ("supplier_id", "account_number", "created_at", "updated_at") VALUES (?, ?, ?, ?)[0m  [["supplier_id", 1], ["account_number", "123UBL"], ["created_at", "2023-01-26 11:55:58.048986"], ["updated_at", "2023-01-26 11:55:58.048986"]]
  [1m[36mTRANSACTION (4.7ms)[0m  [1m[36mcommit transaction[0m
  [1m[36mAccount Load (0.6ms)[0m  [1m[34mSELECT "accounts".* FROM "accounts"[0m
  [1m[36mSupplier Load (0.4ms)[0m  [1m[34mSELECT "suppliers".* FROM "suppliers"[0m
  [1m[36mTRANSACTION (0.2ms)[0m  [1m[36mbegin transaction[0m
  [1m[36mSupplier Create (0.9ms)[0m  [1m[32mINSERT INTO "suppliers" ("name", "created_at", "updated_at") VALUES (?, ?, ?)[0m  [["name", "Sabir"], ["created_at", "2023-01-26 11:57:49.797545"], ["updated_at", "2023-01-26 11:57:49.797545"]]
  [1m[36mTRANSACTION (11.9ms)[0m  [1m[36mcommit transaction[0m
  [1m[36mSupplier Load (0.5ms)[0m  [1m[34mSELECT "suppliers".* FROM "suppliers"[0m
  [1m[36mAccount Load (0.4ms)[0m  [1m[34mSELECT "accounts".* FROM "accounts"[0m
  [1m[36mTRANSACTION (0.2ms)[0m  [1m[36mbegin transaction[0m
  [1m[36mAccount Create (1.0ms)[0m  [1m[32mINSERT INTO "accounts" ("supplier_id", "account_number", "created_at", "updated_at") VALUES (?, ?, ?, ?)[0m  [["supplier_id", 2], ["account_number", "123MEZ"], ["created_at", "2023-01-26 11:59:17.832910"], ["updated_at", "2023-01-26 11:59:17.832910"]]
  [1m[36mTRANSACTION (11.6ms)[0m  [1m[36mcommit transaction[0m
  [1m[36mAccount Load (0.3ms)[0m  [1m[34mSELECT "accounts".* FROM "accounts"[0m
  [1m[36mSupplier Load (0.3ms)[0m  [1m[34mSELECT "suppliers".* FROM "suppliers"[0m
  [1m[36mTRANSACTION (0.2ms)[0m  [1m[36mbegin transaction[0m
  [1m[36mSupplier Create (1.0ms)[0m  [1m[32mINSERT INTO "suppliers" ("name", "created_at", "updated_at") VALUES (?, ?, ?)[0m  [["name", "Awais"], ["created_at", "2023-01-26 12:01:45.338166"], ["updated_at", "2023-01-26 12:01:45.338166"]]
  [1m[36mTRANSACTION (11.1ms)[0m  [1m[36mcommit transaction[0m
  [1m[36mSupplier Load (0.4ms)[0m  [1m[34mSELECT "suppliers".* FROM "suppliers"[0m
  [1m[36mAccount Load (0.4ms)[0m  [1m[34mSELECT "accounts".* FROM "accounts"[0m
  [1m[36mAccount Load (0.4ms)[0m  [1m[34mSELECT "accounts".* FROM "accounts" WHERE "accounts"."supplier_id" = ? LIMIT ?[0m  [["supplier_id", 3], ["LIMIT", 1]]
  [1m[36mTRANSACTION (0.2ms)[0m  [1m[36mbegin transaction[0m
  [1m[36mAccount Create (0.9ms)[0m  [1m[32mINSERT INTO "accounts" ("supplier_id", "account_number", "created_at", "updated_at") VALUES (?, ?, ?, ?)[0m  [["supplier_id", 3], ["account_number", "123HBL"], ["created_at", "2023-01-26 12:02:53.241013"], ["updated_at", "2023-01-26 12:02:53.241013"]]
  [1m[36mTRANSACTION (11.3ms)[0m  [1m[36mcommit transaction[0m
  [1m[36mAccount Load (0.5ms)[0m  [1m[34mSELECT "accounts".* FROM "accounts"[0m
  [1m[36mAccount Load (0.4ms)[0m  [1m[34mSELECT "accounts".* FROM "accounts"[0m
